<?xml version="1.0" encoding="UTF-8"?>
<!-- Generated by org.testng.reporters.JUnitXMLReporter -->
<testsuite hostname="LT-1136" ignored="0" name="TC_loginpage_001" tests="2" failures="0" timestamp="17 Jul 2019 12:20:52 GMT" time="26.097" errors="0">
  <testcase name="@BeforeMethod Setup" time="0.001" classname="com.crm.tests.TC_Homepage_001">
    <failure type="org.openqa.selenium.NoSuchSessionException" message="Session ID is null. Using WebDriver after calling quit()?
Build info: version: &amp;apos;3.141.5&amp;apos;, revision: &amp;apos;d54ebd709a&amp;apos;, time: &amp;apos;2018-11-06T11:42:16&amp;apos;
System info: host: &amp;apos;LT-1136&amp;apos;, ip: &amp;apos;10.10.8.77&amp;apos;, os.name: &amp;apos;Windows 10&amp;apos;, os.arch: &amp;apos;amd64&amp;apos;, os.version: &amp;apos;10.0&amp;apos;, java.version: &amp;apos;1.8.0_191&amp;apos;
Driver info: driver.version: RemoteWebDriver">
      <![CDATA[org.openqa.selenium.NoSuchSessionException: Session ID is null. Using WebDriver after calling quit()?
Build info: version: '3.141.5', revision: 'd54ebd709a', time: '2018-11-06T11:42:16'
System info: host: 'LT-1136', ip: '10.10.8.77', os.name: 'Windows 10', os.arch: 'amd64', os.version: '10.0', java.version: '1.8.0_191'
Driver info: driver.version: RemoteWebDriver
	at org.openqa.selenium.remote.HttpCommandExecutor.execute(HttpCommandExecutor.java:125)
	at org.openqa.selenium.remote.service.DriverCommandExecutor.execute(DriverCommandExecutor.java:83)
	at org.openqa.selenium.remote.RemoteWebDriver.execute(RemoteWebDriver.java:552)
	at org.openqa.selenium.remote.RemoteWebDriver.get(RemoteWebDriver.java:277)
	at com.crm.tests.TC_Homepage_001.Setup(TC_Homepage_001.java:20)
... Removed 27 stack frames]]>
    </failure>
  </testcase> <!-- @BeforeMethod Setup -->
  <testcase name="@AfterMethod quit" time="0.0" classname="com.crm.tests.TC_Homepage_001">
    <skipped/>
  </testcase> <!-- @AfterMethod quit -->
  <testcase name="@AfterClass teardown" time="0.0" classname="com.crm.base.BaseClass">
    <skipped/>
  </testcase> <!-- @AfterClass teardown -->
  <testcase name="VerifyHomePageTitle" time="0.014" classname="com.crm.tests.TC_Homepage_001"/>
  <testcase name="Verifyuserlable" time="0.005" classname="com.crm.tests.TC_Homepage_001">
    <skipped/>
  </testcase> <!-- Verifyuserlable -->
</testsuite> <!-- TC_loginpage_001 -->
